2024-09-29 21:00:07 - [INFO] - --------------------------------------------------
2024-09-29 21:00:07 - [INFO] - ORQ 2 PRUEBA TECNICA ORIGINACION COBRANZA
2024-09-29 21:00:07 - [INFO] - --------------------------------------------------
2024-09-29 21:00:07 - [INFO] - Guardado logs en: C:\Users\juavila\Documents\Prueba_tecnica_Originacion_Cobranza\vghu-prueba-tecnica-originacion-cobranza\logs\20240929_210007_orq_2_prueba_tecnica_originacion_cobranza.log
2024-09-29 21:00:13 - [INFO] - Versión de Orquestador: 1.3.6
2024-09-29 21:00:13 - [INFO] - Inicializando Ejecución de Orquestador
2024-09-29 21:00:13 - [INFO] - Se agregaron 2 consultas al plan de ejecucion
2024-09-29 21:00:13 - [INFO] - Inicia la ejecucion de la tarea ExtractTransformLoad
2024-09-29 21:00:13 - [INFO] - ------------------------------------------------
2024-09-29 21:00:13 - [INFO] - Ejecutando Paso ** ExtractTransformLoad **
2024-09-29 21:00:13 - [INFO] - Paso ExtractTransformLoad finalizado en 0.0s
2024-09-29 21:00:13 - [INFO] - Finalizó la ejecucion de la tarea ExtractTransformLoad, duracion: 00:00.0
2024-09-29 21:00:13 - [INFO] - Inicia la ejecucion de la tarea TransformarDatosPython
2024-09-29 21:00:13 - [INFO] - ------------------------------------------------
2024-09-29 21:00:13 - [INFO] - Ejecutando Paso ** TransformarDatosPython **
2024-09-29 21:00:13 - [INFO] - Datos cargados correctamente.
2024-09-29 21:00:13 - [INFO] - Productos limpios.
2024-09-29 21:00:13 - [INFO] - Concatenación de segmentos en obligaciones.
2024-09-29 21:00:13 - [INFO] - Concatenación de segmentos en tasas.
2024-09-29 21:00:13 - [INFO] - Tasas asignadas.
2024-09-29 21:00:13 - [INFO] - Tasa efectiva y valor final calculados.
2024-09-29 21:00:13 - [INFO] - Carpeta creada: C:\Users\juavila\Documents\Prueba_tecnica_Originacion_Cobranza\vghu-prueba-tecnica-originacion-cobranza\src\vghu_prueba_tecnica_originacion_cobranza\static/Excel/Resultados
2024-09-29 21:00:14 - [INFO] - Tabla 'prueba_obligaciones_con_valor_final' guardada correctamente.
2024-09-29 21:00:14 - [INFO] - Resumen por cliente calculado.
2024-09-29 21:00:14 - [INFO] - Tabla 'prueba_obligaciones_resumen_clientes' guardada correctamente.
2024-09-29 21:00:14 - [INFO] - Proceso completado con éxito y archivos guardados.
2024-09-29 21:00:14 - [INFO] - Paso TransformarDatosPython finalizado en 1.49s
2024-09-29 21:00:14 - [INFO] - Finalizó la ejecucion de la tarea TransformarDatosPython, duracion: 00:01.4
2024-09-29 21:00:14 - [INFO] - Registro de la Ejecución: {'nomb_paquete': 'vghu_prueba_tecnica_originacion_cobranza', 'nomb_proceso': 'Orq 2 prueba tecnica originacion cobranza', 'fecha_inicio': 20240929, 'hora_inicio': '21:00:13', 'fecha_fin': 20240929, 'hora_fin': '21:00:14', 'duracion': 1.5, 'estado_fin': 'OK', 'texto_fin': 'Correcto'}
2024-09-29 21:00:14 - [INFO] - ------------------------------------------------
2024-09-29 21:00:14 - [INFO] - Finalizó Orquestador Satisfactoriamente
2024-09-29 21:00:14 - [INFO] - Duración Total en 1.54s
2024-09-29 21:00:14 - [INFO] - ------------------------------------------------
