2024-09-29 12:57:42 - [INFO] - --------------------------------------------------
2024-09-29 12:57:42 - [INFO] - ORQ 2 PRUEBA TECNICA ORIGINACION COBRANZA
2024-09-29 12:57:42 - [INFO] - --------------------------------------------------
2024-09-29 12:57:42 - [INFO] - Guardado logs en: C:\Users\juavila\Documents\Prueba_tecnica_Originacion_Cobranza\vghu-prueba-tecnica-originacion-cobranza\logs\20240929_125742_orq_2_prueba_tecnica_originacion_cobranza.log
2024-09-29 12:57:51 - [INFO] - Versión de Orquestador: 1.3.6
2024-09-29 12:57:51 - [INFO] - Inicializando Ejecución de Orquestador
2024-09-29 12:57:51 - [INFO] - Se agregaron 2 consultas al plan de ejecucion
2024-09-29 12:57:51 - [INFO] - Inicia la ejecucion de la tarea ExtractTransformLoad
2024-09-29 12:57:51 - [INFO] - ------------------------------------------------
2024-09-29 12:57:51 - [INFO] - Ejecutando Paso ** ExtractTransformLoad **
2024-09-29 12:57:51 - [INFO] - Paso ExtractTransformLoad finalizado en 0.0s
2024-09-29 12:57:51 - [INFO] - Finalizó la ejecucion de la tarea ExtractTransformLoad, duracion: 00:00.0
2024-09-29 12:57:51 - [INFO] - Inicia la ejecucion de la tarea SubirData
2024-09-29 12:57:51 - [INFO] - ------------------------------------------------
2024-09-29 12:57:51 - [INFO] - Ejecutando Paso ** SubirData **
2024-09-29 12:57:52 - [INFO] - Paso SubirData finalizado en 0.59s
2024-09-29 12:57:52 - [INFO] - Finalizó la ejecucion de la tarea SubirData, duracion: 00:00.5
2024-09-29 12:57:52 - [INFO] - Registro de la Ejecución: {'nomb_paquete': 'vghu_prueba_tecnica_originacion_cobranza', 'nomb_proceso': 'Orq 2 prueba tecnica originacion cobranza', 'fecha_inicio': 20240929, 'hora_inicio': '12:57:51', 'fecha_fin': 20240929, 'hora_fin': '12:57:52', 'duracion': 0.63, 'estado_fin': 'OK', 'texto_fin': 'Correcto'}
2024-09-29 12:57:52 - [INFO] - ------------------------------------------------
2024-09-29 12:57:52 - [INFO] - Finalizó Orquestador Satisfactoriamente
2024-09-29 12:57:52 - [INFO] - Duración Total en 0.74s
2024-09-29 12:57:52 - [INFO] - ------------------------------------------------
