2024-09-30 12:48:32 - [INFO] - --------------------------------------------------
2024-09-30 12:48:32 - [INFO] - ORQ 2 PRUEBA TECNICA ORIGINACION COBRANZA
2024-09-30 12:48:32 - [INFO] - --------------------------------------------------
2024-09-30 12:48:32 - [INFO] - Guardado logs en: C:\Users\juavila\Documents\Prueba_tecnica_Originacion_Cobranza\vghu-prueba-tecnica-originacion-cobranza\logs\20240930_124832_orq_2_prueba_tecnica_originacion_cobranza.log
2024-09-30 12:48:39 - [INFO] - Versión de Orquestador: 1.3.6
2024-09-30 12:48:39 - [INFO] - Inicializando Ejecución de Orquestador
2024-09-30 12:48:39 - [INFO] - Se agregaron 4 consultas al plan de ejecucion
2024-09-30 12:48:39 - [INFO] - Inicia la ejecucion de la tarea ExtractTransformLoad
2024-09-30 12:48:39 - [INFO] - ------------------------------------------------
2024-09-30 12:48:39 - [INFO] - Ejecutando Paso ** ExtractTransformLoad **
2024-09-30 12:48:39 - [INFO] - Paso ExtractTransformLoad finalizado en 0.0s
2024-09-30 12:48:39 - [INFO] - Finalizó la ejecucion de la tarea ExtractTransformLoad, duracion: 00:00.0
2024-09-30 12:48:39 - [INFO] - Inicia la ejecucion de la tarea SubirData
2024-09-30 12:48:39 - [INFO] - ------------------------------------------------
2024-09-30 12:48:39 - [INFO] - Ejecutando Paso ** SubirData **
2024-09-30 12:48:39 - [INFO] - Archivos leídos correctamente: C:\Users\juavila\Documents\Prueba_tecnica_Originacion_Cobranza\vghu-prueba-tecnica-originacion-cobranza\src\vghu_prueba_tecnica_originacion_cobranza\static/Excel/Insumos/obligaciones_clientes.xlsx y C:\Users\juavila\Documents\Prueba_tecnica_Originacion_Cobranza\vghu-prueba-tecnica-originacion-cobranza\src\vghu_prueba_tecnica_originacion_cobranza\static/Excel/Insumos/tasas_productos.xlsx
2024-09-30 12:48:39 - [INFO] - Cantidad de registros en obligaciones: 2048
2024-09-30 12:48:39 - [INFO] - Cantidad de registros en tasas: 117
2024-09-30 12:48:39 - [INFO] - Se agregaron 1 consultas al plan de ejecucion
2024-09-30 12:48:39 - [INFO] - Inicia la ejecucion de la siguiente consulta:
            
2024-09-30 12:48:44 - [INFO] - Intento 1 de 3
2024-09-30 12:48:55 - [ERROR] - 24/09/30 12:48:55 INFO fs.TrashPolicyDefault: Moved: 'hdfs://nameservice1/user/juavila/sparky_bc_njjS7gAsHv/tabla_orq_2_prueba_tecnica_originacion_cobranza.csv' to trash at: hdfs://nameservice1/user/juavila/.Trash/Current/user/juavila/sparky_bc_njjS7gAsHv/tabla_orq_2_prueba_tecnica_originacion_cobranza.csv
